submitit ERROR (2023-09-21 22:10:15,415) - Submitted job triggered an exception
Traceback (most recent call last):
  File "<frozen runpy>", line 198, in _run_module_as_main
  File "<frozen runpy>", line 88, in _run_code
  File "/mnt/home/blyo1/ceph/envs/pyenv311/lib/python3.11/site-packages/submitit/core/_submit.py", line 11, in <module>
    submitit_main()
  File "/mnt/home/blyo1/ceph/envs/pyenv311/lib/python3.11/site-packages/submitit/core/submission.py", line 72, in submitit_main
    process_job(args.folder)
  File "/mnt/home/blyo1/ceph/envs/pyenv311/lib/python3.11/site-packages/submitit/core/submission.py", line 65, in process_job
    raise error
  File "/mnt/home/blyo1/ceph/envs/pyenv311/lib/python3.11/site-packages/submitit/core/submission.py", line 54, in process_job
    result = delayed.result()
             ^^^^^^^^^^^^^^^^
  File "/mnt/home/blyo1/ceph/envs/pyenv311/lib/python3.11/site-packages/submitit/core/utils.py", line 133, in result
    self._result = self.function(*self.args, **self.kwargs)
                   ^^^^^^^^^^^^^^^^^^^^^^^^^^^^^^^^^^^^^^^^
  File "/mnt/ceph/users/blyo1/projects/LyoSavin2023/core/supplementary-generate_samples.py", line 99, in generate_samples
    _, x_fwd, x_rev, label = variable_neural_inference(prior_sampler, classifier, v, manifold_initial_point, posterior_type, label, likelihood_sigma, s_bu, s_td, num_steps, sample_size, device, normalized_beta_schedule, eval_at_mean, disable_tqdm=True)
                             ^^^^^^^^^^^^^^^^^^^^^^^^^^^^^^^^^^^^^^^^^^^^^^^^^^^^^^^^^^^^^^^^^^^^^^^^^^^^^^^^^^^^^^^^^^^^^^^^^^^^^^^^^^^^^^^^^^^^^^^^^^^^^^^^^^^^^^^^^^^^^^^^^^^^^^^^^^^^^^^^^^^^^^^^^^^^^^^^^^^^^^^^^^^^^^^^^^^^^^^^^^^^^^^^^^^^^^^^^^^^^^^
  File "/mnt/ceph/users/blyo1/projects/LyoSavin2023/core/utils/likelihood_utils.py", line 586, in variable_neural_inference
    prior_sampler = priors_sampler.to(device)
                    ^^^^^^^^^^^^^^
NameError: name 'priors_sampler' is not defined. Did you mean: 'prior_sampler'?
srun: error: worker3040: task 0: Exited with exit code 1
